<?xml version="1.0" encoding="UTF-8"?>
<testsuite xmlns:xsi="http://www.w3.org/2001/XMLSchema-instance" xsi:noNamespaceSchemaLocation="https://maven.apache.org/surefire/maven-surefire-plugin/xsd/surefire-test-report-3.0.xsd" version="3.0" name="org.example.service.AddStudentTest" time="0.098" tests="2" errors="0" skipped="0" failures="1">
  <properties>
    <property name="sun.desktop" value="gnome"/>
    <property name="awt.toolkit" value="sun.awt.X11.XToolkit"/>
    <property name="file.encoding.pkg" value="sun.io"/>
    <property name="java.specification.version" value="1.8"/>
    <property name="sun.cpu.isalist" value=""/>
    <property name="sun.jnu.encoding" value="UTF-8"/>
    <property name="java.class.path" value="/home/tiha/Uni/vvss/2/lab/ssvv-1/target/test-classes:/home/tiha/Uni/vvss/2/lab/ssvv-1/target/classes:/home/tiha/.m2/repository/org/junit/jupiter/junit-jupiter/5.10.0-M1/junit-jupiter-5.10.0-M1.jar:/home/tiha/.m2/repository/org/junit/jupiter/junit-jupiter-api/5.10.0-M1/junit-jupiter-api-5.10.0-M1.jar:/home/tiha/.m2/repository/org/opentest4j/opentest4j/1.2.0/opentest4j-1.2.0.jar:/home/tiha/.m2/repository/org/junit/platform/junit-platform-commons/1.10.0-M1/junit-platform-commons-1.10.0-M1.jar:/home/tiha/.m2/repository/org/apiguardian/apiguardian-api/1.1.2/apiguardian-api-1.1.2.jar:/home/tiha/.m2/repository/org/junit/jupiter/junit-jupiter-params/5.10.0-M1/junit-jupiter-params-5.10.0-M1.jar:/home/tiha/.m2/repository/org/junit/jupiter/junit-jupiter-engine/5.10.0-M1/junit-jupiter-engine-5.10.0-M1.jar:/home/tiha/.m2/repository/org/junit/platform/junit-platform-engine/1.10.0-M1/junit-platform-engine-1.10.0-M1.jar:"/>
    <property name="java.vm.vendor" value="Amazon.com Inc."/>
    <property name="sun.arch.data.model" value="64"/>
    <property name="java.vendor.url" value="https://aws.amazon.com/corretto/"/>
    <property name="user.timezone" value=""/>
    <property name="java.vm.specification.version" value="1.8"/>
    <property name="os.name" value="Linux"/>
    <property name="user.country" value="US"/>
    <property name="sun.java.launcher" value="SUN_STANDARD"/>
    <property name="sun.boot.library.path" value="/home/tiha/.jdks/corretto-1.8.0_362/jre/lib/amd64"/>
    <property name="sun.java.command" value="/home/tiha/Uni/vvss/2/lab/ssvv-1/target/surefire/surefirebooter213116119770272326.jar /home/tiha/Uni/vvss/2/lab/ssvv-1/target/surefire 2023-05-14T20-35-52_572-jvmRun1 surefire120797812261675527tmp surefire_04015687949299715985tmp"/>
    <property name="surefire.test.class.path" value="/home/tiha/Uni/vvss/2/lab/ssvv-1/target/test-classes:/home/tiha/Uni/vvss/2/lab/ssvv-1/target/classes:/home/tiha/.m2/repository/org/junit/jupiter/junit-jupiter/5.10.0-M1/junit-jupiter-5.10.0-M1.jar:/home/tiha/.m2/repository/org/junit/jupiter/junit-jupiter-api/5.10.0-M1/junit-jupiter-api-5.10.0-M1.jar:/home/tiha/.m2/repository/org/opentest4j/opentest4j/1.2.0/opentest4j-1.2.0.jar:/home/tiha/.m2/repository/org/junit/platform/junit-platform-commons/1.10.0-M1/junit-platform-commons-1.10.0-M1.jar:/home/tiha/.m2/repository/org/apiguardian/apiguardian-api/1.1.2/apiguardian-api-1.1.2.jar:/home/tiha/.m2/repository/org/junit/jupiter/junit-jupiter-params/5.10.0-M1/junit-jupiter-params-5.10.0-M1.jar:/home/tiha/.m2/repository/org/junit/jupiter/junit-jupiter-engine/5.10.0-M1/junit-jupiter-engine-5.10.0-M1.jar:/home/tiha/.m2/repository/org/junit/platform/junit-platform-engine/1.10.0-M1/junit-platform-engine-1.10.0-M1.jar:"/>
    <property name="sun.cpu.endian" value="little"/>
    <property name="user.home" value="/home/tiha"/>
    <property name="user.language" value="en"/>
    <property name="java.specification.vendor" value="Oracle Corporation"/>
    <property name="java.home" value="/home/tiha/.jdks/corretto-1.8.0_362/jre"/>
    <property name="basedir" value="/home/tiha/Uni/vvss/2/lab/ssvv-1"/>
    <property name="file.separator" value="/"/>
    <property name="line.separator" value="&#10;"/>
    <property name="java.vm.specification.vendor" value="Oracle Corporation"/>
    <property name="java.specification.name" value="Java Platform API Specification"/>
    <property name="java.awt.graphicsenv" value="sun.awt.X11GraphicsEnvironment"/>
    <property name="surefire.real.class.path" value="/home/tiha/Uni/vvss/2/lab/ssvv-1/target/surefire/surefirebooter213116119770272326.jar"/>
    <property name="sun.boot.class.path" value="/home/tiha/.jdks/corretto-1.8.0_362/jre/lib/resources.jar:/home/tiha/.jdks/corretto-1.8.0_362/jre/lib/rt.jar:/home/tiha/.jdks/corretto-1.8.0_362/jre/lib/sunrsasign.jar:/home/tiha/.jdks/corretto-1.8.0_362/jre/lib/jsse.jar:/home/tiha/.jdks/corretto-1.8.0_362/jre/lib/jce.jar:/home/tiha/.jdks/corretto-1.8.0_362/jre/lib/charsets.jar:/home/tiha/.jdks/corretto-1.8.0_362/jre/lib/jfr.jar:/home/tiha/.jdks/corretto-1.8.0_362/jre/classes"/>
    <property name="sun.management.compiler" value="HotSpot 64-Bit Tiered Compilers"/>
    <property name="java.runtime.version" value="1.8.0_362-b08"/>
    <property name="user.name" value="tiha"/>
    <property name="path.separator" value=":"/>
    <property name="os.version" value="5.15.0-71-generic"/>
    <property name="java.endorsed.dirs" value="/home/tiha/.jdks/corretto-1.8.0_362/jre/lib/endorsed"/>
    <property name="java.runtime.name" value="OpenJDK Runtime Environment"/>
    <property name="file.encoding" value="UTF-8"/>
    <property name="java.vm.name" value="OpenJDK 64-Bit Server VM"/>
    <property name="localRepository" value="/home/tiha/.m2/repository"/>
    <property name="java.vendor.url.bug" value="https://github.com/corretto/corretto-8/issues/"/>
    <property name="java.io.tmpdir" value="/tmp"/>
    <property name="idea.version" value="2023.1.1"/>
    <property name="java.version" value="1.8.0_362"/>
    <property name="user.dir" value="/home/tiha/Uni/vvss/2/lab/ssvv-1"/>
    <property name="os.arch" value="amd64"/>
    <property name="java.vm.specification.name" value="Java Virtual Machine Specification"/>
    <property name="java.awt.printerjob" value="sun.print.PSPrinterJob"/>
    <property name="sun.os.patch.level" value="unknown"/>
    <property name="java.library.path" value="/usr/java/packages/lib/amd64:/usr/lib64:/lib64:/lib:/usr/lib"/>
    <property name="java.vm.info" value="mixed mode"/>
    <property name="java.vendor" value="Amazon.com Inc."/>
    <property name="java.vm.version" value="25.362-b08"/>
    <property name="java.specification.maintenance.version" value="4"/>
    <property name="java.ext.dirs" value="/home/tiha/.jdks/corretto-1.8.0_362/jre/lib/ext:/usr/java/packages/lib/ext"/>
    <property name="sun.io.unicode.encoding" value="UnicodeLittle"/>
    <property name="java.class.version" value="52.0"/>
  </properties>
  <testcase name="groupNumberNegative_shouldThrow" classname="org.example.service.AddStudentTest" time="0.071"/>
  <testcase name="groupNumberPositive_shouldReturnNull" classname="org.example.service.AddStudentTest" time="0.007">
    <failure type="org.opentest4j.AssertionFailedError"><![CDATA[org.opentest4j.AssertionFailedError: expected: <true> but was: <false>
	at org.example.service.AddStudentTest.groupNumberPositive_shouldReturnNull(AddStudentTest.java:31)
]]></failure>
  </testcase>
</testsuite>